# JRE version: OpenJDK Runtime Environment (8.0_242-b06) (build 1.8.0_242-b06)
# Java VM: OpenJDK 64-Bit Server VM (25.242-b06-jvmci-20.0-b02 mixed mode linux-amd64 compressed oops)
Heap:
 PSYoungGen      total 170496K, used 77145K [0x000000075a780000, 0x0000000765a80000, 0x00000007c0000000)
  eden space 157696K, 48% used [0x000000075a780000,0x000000075f2d6788,0x0000000764180000)
  from space 12800K, 0% used [0x0000000764e00000,0x0000000764e00000,0x0000000765a80000)
  to   space 12800K, 0% used [0x0000000764180000,0x0000000764180000,0x0000000764e00000)
 ParOldGen       total 134144K, used 14455K [0x000000068f600000, 0x0000000697900000, 0x000000075a780000)
  object space 134144K, 10% used [0x000000068f600000,0x000000069041dc48,0x0000000697900000)
 Metaspace       used 26558K, capacity 26986K, committed 27264K, reserved 1073152K
  class space    used 3346K, capacity 3440K, committed 3456K, reserved 1048576K
GC Heap History (10 events):
Event: 1,938 GC heap before
{Heap before GC invocations=1 (full 0):
 PSYoungGen      total 91648K, used 78848K [0x000000075a780000, 0x0000000760d80000, 0x00000007c0000000)
  eden space 78848K, 100% used [0x000000075a780000,0x000000075f480000,0x000000075f480000)
  from space 12800K, 0% used [0x0000000760100000,0x0000000760100000,0x0000000760d80000)
  to   space 12800K, 0% used [0x000000075f480000,0x000000075f480000,0x0000000760100000)
 ParOldGen       total 208896K, used 0K [0x000000068f600000, 0x000000069c200000, 0x000000075a780000)
  object space 208896K, 0% used [0x000000068f600000,0x000000068f600000,0x000000069c200000)
 Metaspace       used 9203K, capacity 9312K, committed 9472K, reserved 1058816K
  class space    used 1009K, capacity 1016K, committed 1024K, reserved 1048576K
Event: 1,950 GC heap after
Heap after GC invocations=1 (full 0):
 PSYoungGen      total 91648K, used 10102K [0x000000075a780000, 0x0000000760d80000, 0x00000007c0000000)
  eden space 78848K, 0% used [0x000000075a780000,0x000000075a780000,0x000000075f480000)
  from space 12800K, 78% used [0x000000075f480000,0x000000075fe5d998,0x0000000760100000)
  to   space 12800K, 0% used [0x0000000760100000,0x0000000760100000,0x0000000760d80000)
 ParOldGen       total 208896K, used 16K [0x000000068f600000, 0x000000069c200000, 0x000000075a780000)
  object space 208896K, 0% used [0x000000068f600000,0x000000068f604000,0x000000069c200000)
 Metaspace       used 9203K, capacity 9312K, committed 9472K, reserved 1058816K
  class space    used 1009K, capacity 1016K, committed 1024K, reserved 1048576K
}
Event: 3,561 GC heap before
{Heap before GC invocations=2 (full 0):
 PSYoungGen      total 91648K, used 88950K [0x000000075a780000, 0x0000000760d80000, 0x00000007c0000000)
  eden space 78848K, 100% used [0x000000075a780000,0x000000075f480000,0x000000075f480000)
  from space 12800K, 78% used [0x000000075f480000,0x000000075fe5d998,0x0000000760100000)
  to   space 12800K, 0% used [0x0000000760100000,0x0000000760100000,0x0000000760d80000)
 ParOldGen       total 208896K, used 16K [0x000000068f600000, 0x000000069c200000, 0x000000075a780000)
  object space 208896K, 0% used [0x000000068f600000,0x000000068f604000,0x000000069c200000)
 Metaspace       used 13206K, capacity 13400K, committed 13696K, reserved 1060864K
  class space    used 1581K, capacity 1628K, committed 1664K, reserved 1048576K
Event: 3,587 GC heap after
Heap after GC invocations=2 (full 0):
 PSYoungGen      total 91648K, used 12798K [0x000000075a780000, 0x0000000765a80000, 0x00000007c0000000)
  eden space 78848K, 0% used [0x000000075a780000,0x000000075a780000,0x000000075f480000)
  from space 12800K, 99% used [0x0000000760100000,0x0000000760d7faa0,0x0000000760d80000)
  to   space 12800K, 0% used [0x000000075f480000,0x000000075f480000,0x0000000760100000)
 ParOldGen       total 208896K, used 2327K [0x000000068f600000, 0x000000069c200000, 0x000000075a780000)
  object space 208896K, 1% used [0x000000068f600000,0x000000068f845c10,0x000000069c200000)
 Metaspace       used 13206K, capacity 13400K, committed 13696K, reserved 1060864K
  class space    used 1581K, capacity 1628K, committed 1664K, reserved 1048576K
}
Event: 5,282 GC heap before
{Heap before GC invocations=3 (full 0):
 PSYoungGen      total 91648K, used 91646K [0x000000075a780000, 0x0000000765a80000, 0x00000007c0000000)
  eden space 78848K, 100% used [0x000000075a780000,0x000000075f480000,0x000000075f480000)
  from space 12800K, 99% used [0x0000000760100000,0x0000000760d7faa0,0x0000000760d80000)
  to   space 12800K, 0% used [0x000000075f480000,0x000000075f480000,0x0000000760100000)
 ParOldGen       total 208896K, used 2327K [0x000000068f600000, 0x000000069c200000, 0x000000075a780000)
  object space 208896K, 1% used [0x000000068f600000,0x000000068f845c10,0x000000069c200000)
 Metaspace       used 17714K, capacity 17896K, committed 18304K, reserved 1064960K
  class space    used 2115K, capacity 2158K, committed 2176K, reserved 1048576K
Event: 5,365 GC heap after
Heap after GC invocations=3 (full 0):
 PSYoungGen      total 91648K, used 12784K [0x000000075a780000, 0x0000000765a80000, 0x00000007c0000000)
  eden space 78848K, 0% used [0x000000075a780000,0x000000075a780000,0x000000075f480000)
  from space 12800K, 99% used [0x000000075f480000,0x00000007600fc040,0x0000000760100000)
  to   space 12800K, 0% used [0x0000000764e00000,0x0000000764e00000,0x0000000765a80000)
 ParOldGen       total 208896K, used 5282K [0x000000068f600000, 0x000000069c200000, 0x000000075a780000)
  object space 208896K, 2% used [0x000000068f600000,0x000000068fb28b68,0x000000069c200000)
 Metaspace       used 17714K, capacity 17896K, committed 18304K, reserved 1064960K
  class space    used 2115K, capacity 2158K, committed 2176K, reserved 1048576K
}
Event: 6,264 GC heap before
{Heap before GC invocations=4 (full 0):
 PSYoungGen      total 91648K, used 66993K [0x000000075a780000, 0x0000000765a80000, 0x00000007c0000000)
  eden space 78848K, 68% used [0x000000075a780000,0x000000075dc705d0,0x000000075f480000)
  from space 12800K, 99% used [0x000000075f480000,0x00000007600fc040,0x0000000760100000)
  to   space 12800K, 0% used [0x0000000764e00000,0x0000000764e00000,0x0000000765a80000)
 ParOldGen       total 208896K, used 5282K [0x000000068f600000, 0x000000069c200000, 0x000000075a780000)
  object space 208896K, 2% used [0x000000068f600000,0x000000068fb28b68,0x000000069c200000)
 Metaspace       used 20926K, capacity 21002K, committed 21248K, reserved 1069056K
  class space    used 2486K, capacity 2512K, committed 2560K, reserved 1048576K
Event: 6,318 GC heap after
Heap after GC invocations=4 (full 0):
 PSYoungGen      total 170496K, used 12768K [0x000000075a780000, 0x0000000765a80000, 0x00000007c0000000)
  eden space 157696K, 0% used [0x000000075a780000,0x000000075a780000,0x0000000764180000)
  from space 12800K, 99% used [0x0000000764e00000,0x0000000765a78070,0x0000000765a80000)
  to   space 12800K, 0% used [0x0000000764180000,0x0000000764180000,0x0000000764e00000)
 ParOldGen       total 208896K, used 5837K [0x000000068f600000, 0x000000069c200000, 0x000000075a780000)
  object space 208896K, 2% used [0x000000068f600000,0x000000068fbb37f8,0x000000069c200000)
 Metaspace       used 20926K, capacity 21002K, committed 21248K, reserved 1069056K
  class space    used 2486K, capacity 2512K, committed 2560K, reserved 1048576K
}
Event: 6,318 GC heap before
{Heap before GC invocations=5 (full 1):
 PSYoungGen      total 170496K, used 12768K [0x000000075a780000, 0x0000000765a80000, 0x00000007c0000000)
  eden space 157696K, 0% used [0x000000075a780000,0x000000075a780000,0x0000000764180000)
  from space 12800K, 99% used [0x0000000764e00000,0x0000000765a78070,0x0000000765a80000)
  to   space 12800K, 0% used [0x0000000764180000,0x0000000764180000,0x0000000764e00000)
 ParOldGen       total 208896K, used 5837K [0x000000068f600000, 0x000000069c200000, 0x000000075a780000)
  object space 208896K, 2% used [0x000000068f600000,0x000000068fbb37f8,0x000000069c200000)
 Metaspace       used 20926K, capacity 21002K, committed 21248K, reserved 1069056K
  class space    used 2486K, capacity 2512K, committed 2560K, reserved 1048576K
Event: 6,494 GC heap after
Heap after GC invocations=5 (full 1):
 PSYoungGen      total 170496K, used 0K [0x000000075a780000, 0x0000000765a80000, 0x00000007c0000000)
  eden space 157696K, 0% used [0x000000075a780000,0x000000075a780000,0x0000000764180000)
  from space 12800K, 0% used [0x0000000764e00000,0x0000000764e00000,0x0000000765a80000)
  to   space 12800K, 0% used [0x0000000764180000,0x0000000764180000,0x0000000764e00000)
 ParOldGen       total 134144K, used 14455K [0x000000068f600000, 0x0000000697900000, 0x000000075a780000)
  object space 134144K, 10% used [0x000000068f600000,0x000000069041dc48,0x0000000697900000)
 Metaspace       used 20926K, capacity 21002K, committed 21248K, reserved 1069056K
  class space    used 2486K, capacity 2512K, committed 2560K, reserved 1048576K
}

