# JRE version: OpenJDK Runtime Environment (8.0_242-b06) (build 1.8.0_242-b06)
# Java VM: OpenJDK 64-Bit Server VM (25.242-b06-jvmci-20.0-b02 mixed mode linux-amd64 compressed oops)
Heap:
 PSYoungGen      total 170496K, used 80515K [0x000000075a780000, 0x0000000765a80000, 0x00000007c0000000)
  eden space 157696K, 51% used [0x000000075a780000,0x000000075f620fa8,0x0000000764180000)
  from space 12800K, 0% used [0x0000000764e00000,0x0000000764e00000,0x0000000765a80000)
  to   space 12800K, 0% used [0x0000000764180000,0x0000000764180000,0x0000000764e00000)
 ParOldGen       total 124416K, used 14437K [0x000000068f600000, 0x0000000696f80000, 0x000000075a780000)
  object space 124416K, 11% used [0x000000068f600000,0x00000006904197e0,0x0000000696f80000)
 Metaspace       used 26535K, capacity 26986K, committed 27264K, reserved 1073152K
  class space    used 3351K, capacity 3440K, committed 3456K, reserved 1048576K
GC Heap History (10 events):
Event: 1,954 GC heap before
{Heap before GC invocations=1 (full 0):
 PSYoungGen      total 91648K, used 78848K [0x000000075a780000, 0x0000000760d80000, 0x00000007c0000000)
  eden space 78848K, 100% used [0x000000075a780000,0x000000075f480000,0x000000075f480000)
  from space 12800K, 0% used [0x0000000760100000,0x0000000760100000,0x0000000760d80000)
  to   space 12800K, 0% used [0x000000075f480000,0x000000075f480000,0x0000000760100000)
 ParOldGen       total 208896K, used 0K [0x000000068f600000, 0x000000069c200000, 0x000000075a780000)
  object space 208896K, 0% used [0x000000068f600000,0x000000068f600000,0x000000069c200000)
 Metaspace       used 9193K, capacity 9344K, committed 9600K, reserved 1058816K
  class space    used 1014K, capacity 1048K, committed 1152K, reserved 1048576K
Event: 1,965 GC heap after
Heap after GC invocations=1 (full 0):
 PSYoungGen      total 91648K, used 10086K [0x000000075a780000, 0x0000000760d80000, 0x00000007c0000000)
  eden space 78848K, 0% used [0x000000075a780000,0x000000075a780000,0x000000075f480000)
  from space 12800K, 78% used [0x000000075f480000,0x000000075fe599a8,0x0000000760100000)
  to   space 12800K, 0% used [0x0000000760100000,0x0000000760100000,0x0000000760d80000)
 ParOldGen       total 208896K, used 8K [0x000000068f600000, 0x000000069c200000, 0x000000075a780000)
  object space 208896K, 0% used [0x000000068f600000,0x000000068f602000,0x000000069c200000)
 Metaspace       used 9193K, capacity 9344K, committed 9600K, reserved 1058816K
  class space    used 1014K, capacity 1048K, committed 1152K, reserved 1048576K
}
Event: 3,212 GC heap before
{Heap before GC invocations=2 (full 0):
 PSYoungGen      total 91648K, used 88934K [0x000000075a780000, 0x0000000760d80000, 0x00000007c0000000)
  eden space 78848K, 100% used [0x000000075a780000,0x000000075f480000,0x000000075f480000)
  from space 12800K, 78% used [0x000000075f480000,0x000000075fe599a8,0x0000000760100000)
  to   space 12800K, 0% used [0x0000000760100000,0x0000000760100000,0x0000000760d80000)
 ParOldGen       total 208896K, used 8K [0x000000068f600000, 0x000000069c200000, 0x000000075a780000)
  object space 208896K, 0% used [0x000000068f600000,0x000000068f602000,0x000000069c200000)
 Metaspace       used 13166K, capacity 13336K, committed 13440K, reserved 1060864K
  class space    used 1579K, capacity 1628K, committed 1664K, reserved 1048576K
Event: 3,239 GC heap after
Heap after GC invocations=2 (full 0):
 PSYoungGen      total 91648K, used 12786K [0x000000075a780000, 0x0000000765a80000, 0x00000007c0000000)
  eden space 78848K, 0% used [0x000000075a780000,0x000000075a780000,0x000000075f480000)
  from space 12800K, 99% used [0x0000000760100000,0x0000000760d7c9a8,0x0000000760d80000)
  to   space 12800K, 0% used [0x000000075f480000,0x000000075f480000,0x0000000760100000)
 ParOldGen       total 208896K, used 2245K [0x000000068f600000, 0x000000069c200000, 0x000000075a780000)
  object space 208896K, 1% used [0x000000068f600000,0x000000068f831568,0x000000069c200000)
 Metaspace       used 13166K, capacity 13336K, committed 13440K, reserved 1060864K
  class space    used 1579K, capacity 1628K, committed 1664K, reserved 1048576K
}
Event: 4,379 GC heap before
{Heap before GC invocations=3 (full 0):
 PSYoungGen      total 91648K, used 91634K [0x000000075a780000, 0x0000000765a80000, 0x00000007c0000000)
  eden space 78848K, 100% used [0x000000075a780000,0x000000075f480000,0x000000075f480000)
  from space 12800K, 99% used [0x0000000760100000,0x0000000760d7c9a8,0x0000000760d80000)
  to   space 12800K, 0% used [0x000000075f480000,0x000000075f480000,0x0000000760100000)
 ParOldGen       total 208896K, used 2245K [0x000000068f600000, 0x000000069c200000, 0x000000075a780000)
  object space 208896K, 1% used [0x000000068f600000,0x000000068f831568,0x000000069c200000)
 Metaspace       used 17824K, capacity 18056K, committed 18432K, reserved 1064960K
  class space    used 2125K, capacity 2190K, committed 2304K, reserved 1048576K
Event: 4,405 GC heap after
Heap after GC invocations=3 (full 0):
 PSYoungGen      total 91648K, used 12784K [0x000000075a780000, 0x0000000765a80000, 0x00000007c0000000)
  eden space 78848K, 0% used [0x000000075a780000,0x000000075a780000,0x000000075f480000)
  from space 12800K, 99% used [0x000000075f480000,0x00000007600fc060,0x0000000760100000)
  to   space 12800K, 0% used [0x0000000764e00000,0x0000000764e00000,0x0000000765a80000)
 ParOldGen       total 208896K, used 5196K [0x000000068f600000, 0x000000069c200000, 0x000000075a780000)
  object space 208896K, 2% used [0x000000068f600000,0x000000068fb133a0,0x000000069c200000)
 Metaspace       used 17824K, capacity 18056K, committed 18432K, reserved 1064960K
  class space    used 2125K, capacity 2190K, committed 2304K, reserved 1048576K
}
Event: 4,910 GC heap before
{Heap before GC invocations=4 (full 0):
 PSYoungGen      total 91648K, used 65007K [0x000000075a780000, 0x0000000765a80000, 0x00000007c0000000)
  eden space 78848K, 66% used [0x000000075a780000,0x000000075da7fbb8,0x000000075f480000)
  from space 12800K, 99% used [0x000000075f480000,0x00000007600fc060,0x0000000760100000)
  to   space 12800K, 0% used [0x0000000764e00000,0x0000000764e00000,0x0000000765a80000)
 ParOldGen       total 208896K, used 5196K [0x000000068f600000, 0x000000069c200000, 0x000000075a780000)
  object space 208896K, 2% used [0x000000068f600000,0x000000068fb133a0,0x000000069c200000)
 Metaspace       used 20919K, capacity 21002K, committed 21248K, reserved 1069056K
  class space    used 2486K, capacity 2512K, committed 2560K, reserved 1048576K
Event: 4,941 GC heap after
Heap after GC invocations=4 (full 0):
 PSYoungGen      total 170496K, used 12784K [0x000000075a780000, 0x0000000765a80000, 0x00000007c0000000)
  eden space 157696K, 0% used [0x000000075a780000,0x000000075a780000,0x0000000764180000)
  from space 12800K, 99% used [0x0000000764e00000,0x0000000765a7c060,0x0000000765a80000)
  to   space 12800K, 0% used [0x0000000764180000,0x0000000764180000,0x0000000764e00000)
 ParOldGen       total 208896K, used 5736K [0x000000068f600000, 0x000000069c200000, 0x000000075a780000)
  object space 208896K, 2% used [0x000000068f600000,0x000000068fb9a030,0x000000069c200000)
 Metaspace       used 20919K, capacity 21002K, committed 21248K, reserved 1069056K
  class space    used 2486K, capacity 2512K, committed 2560K, reserved 1048576K
}
Event: 4,941 GC heap before
{Heap before GC invocations=5 (full 1):
 PSYoungGen      total 170496K, used 12784K [0x000000075a780000, 0x0000000765a80000, 0x00000007c0000000)
  eden space 157696K, 0% used [0x000000075a780000,0x000000075a780000,0x0000000764180000)
  from space 12800K, 99% used [0x0000000764e00000,0x0000000765a7c060,0x0000000765a80000)
  to   space 12800K, 0% used [0x0000000764180000,0x0000000764180000,0x0000000764e00000)
 ParOldGen       total 208896K, used 5736K [0x000000068f600000, 0x000000069c200000, 0x000000075a780000)
  object space 208896K, 2% used [0x000000068f600000,0x000000068fb9a030,0x000000069c200000)
 Metaspace       used 20919K, capacity 21002K, committed 21248K, reserved 1069056K
  class space    used 2486K, capacity 2512K, committed 2560K, reserved 1048576K
Event: 5,011 GC heap after
Heap after GC invocations=5 (full 1):
 PSYoungGen      total 170496K, used 0K [0x000000075a780000, 0x0000000765a80000, 0x00000007c0000000)
  eden space 157696K, 0% used [0x000000075a780000,0x000000075a780000,0x0000000764180000)
  from space 12800K, 0% used [0x0000000764e00000,0x0000000764e00000,0x0000000765a80000)
  to   space 12800K, 0% used [0x0000000764180000,0x0000000764180000,0x0000000764e00000)
 ParOldGen       total 124416K, used 14437K [0x000000068f600000, 0x0000000696f80000, 0x000000075a780000)
  object space 124416K, 11% used [0x000000068f600000,0x00000006904197e0,0x0000000696f80000)
 Metaspace       used 20919K, capacity 21002K, committed 21248K, reserved 1069056K
  class space    used 2486K, capacity 2512K, committed 2560K, reserved 1048576K
}

